2014-02-16 16:02:37.105 HelloWorld[2080:80b] Multi-tasking -> Device: YES, App: YES
2014-02-16 16:02:37.137 HelloWorld[2080:80b] Unlimited access to network resources
2014-02-16 16:02:37.411 HelloWorld[2080:80b] Resetting plugins due to page load.
2014-02-16 16:02:37.485 HelloWorld[2080:80b] Finished load of: file:///Users/dsjunnesson/Library/Application%20Support/iPhone%20Simulator/7.0.3/Applications/96C6CC8A-8824-4BE1-B7A6-9D1AC5A443E8/HelloWorld.app/www/index.html
2014-02-16 16:11:54.902 HelloWorld[2643:80b] Multi-tasking -> Device: YES, App: YES
2014-02-16 16:11:54.911 HelloWorld[2643:80b] Unlimited access to network resources
2014-02-16 16:11:55.011 HelloWorld[2643:80b] Resetting plugins due to page load.
2014-02-16 16:11:55.110 HelloWorld[2643:80b] Finished load of: file:///Users/dsjunnesson/Library/Application%20Support/iPhone%20Simulator/7.0.3/Applications/96C6CC8A-8824-4BE1-B7A6-9D1AC5A443E8/HelloWorld.app/www/index.html
2014-02-16 16:12:49.902 HelloWorld[3121:80b] Multi-tasking -> Device: YES, App: YES
2014-02-16 16:12:49.908 HelloWorld[3121:80b] Unlimited access to network resources
2014-02-16 16:12:49.998 HelloWorld[3121:80b] Resetting plugins due to page load.
2014-02-16 16:12:50.056 HelloWorld[3121:80b] Finished load of: file:///Users/dsjunnesson/Library/Application%20Support/iPhone%20Simulator/7.0.3/Applications/96C6CC8A-8824-4BE1-B7A6-9D1AC5A443E8/HelloWorld.app/www/index.html
2014-02-16 16:13:16.839 HelloWorld[3598:80b] Multi-tasking -> Device: YES, App: YES
2014-02-16 16:13:16.845 HelloWorld[3598:80b] Unlimited access to network resources
2014-02-16 16:13:16.933 HelloWorld[3598:80b] Resetting plugins due to page load.
2014-02-16 16:13:16.984 HelloWorld[3598:80b] Finished load of: file:///Users/dsjunnesson/Library/Application%20Support/iPhone%20Simulator/7.0.3/Applications/96C6CC8A-8824-4BE1-B7A6-9D1AC5A443E8/HelloWorld.app/www/index.html
2014-02-16 16:16:02.302 HelloWorld[4087:80b] Multi-tasking -> Device: YES, App: YES
2014-02-16 16:16:02.310 HelloWorld[4087:80b] Unlimited access to network resources
2014-02-16 16:16:02.410 HelloWorld[4087:80b] Resetting plugins due to page load.
2014-02-16 16:16:02.468 HelloWorld[4087:80b] Finished load of: file:///Users/dsjunnesson/Library/Application%20Support/iPhone%20Simulator/7.0.3/Applications/96C6CC8A-8824-4BE1-B7A6-9D1AC5A443E8/HelloWorld.app/www/index.html
2014-02-16 16:52:50.415 HelloWorld[4731:80b] Multi-tasking -> Device: YES, App: YES
2014-02-16 16:52:50.425 HelloWorld[4731:80b] Unlimited access to network resources
2014-02-16 16:52:50.493 HelloWorld[4731:80b] Resetting plugins due to page load.
2014-02-16 16:52:50.564 HelloWorld[4731:80b] Finished load of: file:///Users/dsjunnesson/Library/Application%20Support/iPhone%20Simulator/7.0.3/Applications/96C6CC8A-8824-4BE1-B7A6-9D1AC5A443E8/HelloWorld.app/www/index.html
2014-02-16 16:54:41.986 HelloWorld[5235:80b] Multi-tasking -> Device: YES, App: YES
2014-02-16 16:54:41.992 HelloWorld[5235:80b] Unlimited access to network resources
2014-02-16 16:54:42.085 HelloWorld[5235:80b] Resetting plugins due to page load.
2014-02-16 16:54:42.134 HelloWorld[5235:80b] Finished load of: file:///Users/dsjunnesson/Library/Application%20Support/iPhone%20Simulator/7.0.3/Applications/96C6CC8A-8824-4BE1-B7A6-9D1AC5A443E8/HelloWorld.app/www/index.html
2014-02-16 16:56:28.577 HelloWorld[5737:80b] Multi-tasking -> Device: YES, App: YES
2014-02-16 16:56:28.582 HelloWorld[5737:80b] Unlimited access to network resources
2014-02-16 16:56:28.670 HelloWorld[5737:80b] Resetting plugins due to page load.
2014-02-16 16:56:28.746 HelloWorld[5737:80b] Finished load of: file:///Users/dsjunnesson/Library/Application%20Support/iPhone%20Simulator/7.0.3/Applications/96C6CC8A-8824-4BE1-B7A6-9D1AC5A443E8/HelloWorld.app/www/index.html
2014-02-16 16:58:55.486 HelloWorld[6247:80b] Multi-tasking -> Device: YES, App: YES
2014-02-16 16:58:55.492 HelloWorld[6247:80b] Unlimited access to network resources
2014-02-16 16:58:55.575 HelloWorld[6247:80b] Resetting plugins due to page load.
2014-02-16 16:58:55.623 HelloWorld[6247:80b] Finished load of: file:///Users/dsjunnesson/Library/Application%20Support/iPhone%20Simulator/7.0.3/Applications/96C6CC8A-8824-4BE1-B7A6-9D1AC5A443E8/HelloWorld.app/www/index.html
2014-02-16 17:00:36.054 HelloWorld[6753:80b] Multi-tasking -> Device: YES, App: YES
2014-02-16 17:00:36.062 HelloWorld[6753:80b] Unlimited access to network resources
2014-02-16 17:00:36.221 HelloWorld[6753:80b] Resetting plugins due to page load.
2014-02-16 17:00:36.309 HelloWorld[6753:80b] Finished load of: file:///Users/dsjunnesson/Library/Application%20Support/iPhone%20Simulator/7.0.3/Applications/96C6CC8A-8824-4BE1-B7A6-9D1AC5A443E8/HelloWorld.app/www/index.html
2014-02-16 17:02:00.357 HelloWorld[7253:80b] Multi-tasking -> Device: YES, App: YES
2014-02-16 17:02:00.365 HelloWorld[7253:80b] Unlimited access to network resources
2014-02-16 17:02:00.433 HelloWorld[7253:80b] Resetting plugins due to page load.
2014-02-16 17:02:00.490 HelloWorld[7253:80b] Finished load of: file:///Users/dsjunnesson/Library/Application%20Support/iPhone%20Simulator/7.0.3/Applications/96C6CC8A-8824-4BE1-B7A6-9D1AC5A443E8/HelloWorld.app/www/index.html
2014-02-16 17:03:20.552 HelloWorld[7746:80b] Multi-tasking -> Device: YES, App: YES
2014-02-16 17:03:20.558 HelloWorld[7746:80b] Unlimited access to network resources
2014-02-16 17:03:20.640 HelloWorld[7746:80b] Resetting plugins due to page load.
2014-02-16 17:03:20.699 HelloWorld[7746:80b] Finished load of: file:///Users/dsjunnesson/Library/Application%20Support/iPhone%20Simulator/7.0.3/Applications/96C6CC8A-8824-4BE1-B7A6-9D1AC5A443E8/HelloWorld.app/www/index.html
2014-02-16 17:03:43.897 HelloWorld[8237:80b] Multi-tasking -> Device: YES, App: YES
2014-02-16 17:03:43.903 HelloWorld[8237:80b] Unlimited access to network resources
2014-02-16 17:03:43.981 HelloWorld[8237:80b] Resetting plugins due to page load.
2014-02-16 17:03:44.028 HelloWorld[8237:80b] Finished load of: file:///Users/dsjunnesson/Library/Application%20Support/iPhone%20Simulator/7.0.3/Applications/96C6CC8A-8824-4BE1-B7A6-9D1AC5A443E8/HelloWorld.app/www/index.html
2014-02-16 17:04:21.865 HelloWorld[8735:80b] Multi-tasking -> Device: YES, App: YES
2014-02-16 17:04:21.872 HelloWorld[8735:80b] Unlimited access to network resources
2014-02-16 17:04:21.962 HelloWorld[8735:80b] Resetting plugins due to page load.
2014-02-16 17:04:22.015 HelloWorld[8735:80b] Finished load of: file:///Users/dsjunnesson/Library/Application%20Support/iPhone%20Simulator/7.0.3/Applications/96C6CC8A-8824-4BE1-B7A6-9D1AC5A443E8/HelloWorld.app/www/index.html
2014-02-16 17:05:00.239 HelloWorld[9223:80b] Multi-tasking -> Device: YES, App: YES
2014-02-16 17:05:00.245 HelloWorld[9223:80b] Unlimited access to network resources
2014-02-16 17:05:00.332 HelloWorld[9223:80b] Resetting plugins due to page load.
2014-02-16 17:05:00.394 HelloWorld[9223:80b] Finished load of: file:///Users/dsjunnesson/Library/Application%20Support/iPhone%20Simulator/7.0.3/Applications/96C6CC8A-8824-4BE1-B7A6-9D1AC5A443E8/HelloWorld.app/www/index.html
2014-02-16 17:05:43.358 HelloWorld[9716:80b] Multi-tasking -> Device: YES, App: YES
2014-02-16 17:05:43.364 HelloWorld[9716:80b] Unlimited access to network resources
2014-02-16 17:05:43.448 HelloWorld[9716:80b] Resetting plugins due to page load.
2014-02-16 17:05:43.498 HelloWorld[9716:80b] Finished load of: file:///Users/dsjunnesson/Library/Application%20Support/iPhone%20Simulator/7.0.3/Applications/96C6CC8A-8824-4BE1-B7A6-9D1AC5A443E8/HelloWorld.app/www/index.html
2014-02-16 17:06:25.639 HelloWorld[10208:80b] Multi-tasking -> Device: YES, App: YES
2014-02-16 17:06:25.645 HelloWorld[10208:80b] Unlimited access to network resources
2014-02-16 17:06:25.729 HelloWorld[10208:80b] Resetting plugins due to page load.
2014-02-16 17:06:25.779 HelloWorld[10208:80b] Finished load of: file:///Users/dsjunnesson/Library/Application%20Support/iPhone%20Simulator/7.0.3/Applications/96C6CC8A-8824-4BE1-B7A6-9D1AC5A443E8/HelloWorld.app/www/index.html
2014-02-16 17:11:24.293 HelloWorld[10766:80b] Multi-tasking -> Device: YES, App: YES
2014-02-16 17:11:24.301 HelloWorld[10766:80b] Unlimited access to network resources
2014-02-16 17:11:24.395 HelloWorld[10766:80b] Resetting plugins due to page load.
2014-02-16 17:11:24.445 HelloWorld[10766:80b] Finished load of: file:///Users/dsjunnesson/Library/Application%20Support/iPhone%20Simulator/7.0.3/Applications/96C6CC8A-8824-4BE1-B7A6-9D1AC5A443E8/HelloWorld.app/www/index.html
2014-02-16 17:19:33.741 HelloWorld[11330:80b] Multi-tasking -> Device: YES, App: YES
2014-02-16 17:19:33.746 HelloWorld[11330:80b] Unlimited access to network resources
2014-02-16 17:19:33.832 HelloWorld[11330:80b] Resetting plugins due to page load.
2014-02-16 17:19:33.890 HelloWorld[11330:80b] Finished load of: file:///Users/dsjunnesson/Library/Application%20Support/iPhone%20Simulator/7.0.3/Applications/96C6CC8A-8824-4BE1-B7A6-9D1AC5A443E8/HelloWorld.app/www/index.html
2014-02-16 17:21:16.729 HelloWorld[11826:80b] Multi-tasking -> Device: YES, App: YES
2014-02-16 17:21:16.735 HelloWorld[11826:80b] Unlimited access to network resources
2014-02-16 17:21:16.817 HelloWorld[11826:80b] Resetting plugins due to page load.
2014-02-16 17:21:16.867 HelloWorld[11826:80b] Finished load of: file:///Users/dsjunnesson/Library/Application%20Support/iPhone%20Simulator/7.0.3/Applications/96C6CC8A-8824-4BE1-B7A6-9D1AC5A443E8/HelloWorld.app/www/index.html
Terminating in response to SpringBoard's termination.
2014-02-16 17:30:41.201 HelloWorld[13248:80b] Multi-tasking -> Device: YES, App: YES
2014-02-16 17:30:41.207 HelloWorld[13248:80b] Unlimited access to network resources
2014-02-16 17:30:41.295 HelloWorld[13248:80b] Resetting plugins due to page load.
2014-02-16 17:30:41.340 HelloWorld[13248:80b] Finished load of: file:///Users/dsjunnesson/Library/Application%20Support/iPhone%20Simulator/7.0.3/Applications/96C6CC8A-8824-4BE1-B7A6-9D1AC5A443E8/HelloWorld.app/www/index.html
2014-02-16 17:35:17.544 HelloWorld[13774:80b] Multi-tasking -> Device: YES, App: YES
2014-02-16 17:35:17.549 HelloWorld[13774:80b] Unlimited access to network resources
2014-02-16 17:35:17.640 HelloWorld[13774:80b] Resetting plugins due to page load.
2014-02-16 17:35:17.697 HelloWorld[13774:80b] Finished load of: file:///Users/dsjunnesson/Library/Application%20Support/iPhone%20Simulator/7.0.3/Applications/96C6CC8A-8824-4BE1-B7A6-9D1AC5A443E8/HelloWorld.app/www/index.html
2014-02-16 17:35:41.108 HelloWorld[14267:80b] Multi-tasking -> Device: YES, App: YES
2014-02-16 17:35:41.113 HelloWorld[14267:80b] Unlimited access to network resources
2014-02-16 17:35:41.211 HelloWorld[14267:80b] Resetting plugins due to page load.
2014-02-16 17:35:41.258 HelloWorld[14267:80b] Finished load of: file:///Users/dsjunnesson/Library/Application%20Support/iPhone%20Simulator/7.0.3/Applications/96C6CC8A-8824-4BE1-B7A6-9D1AC5A443E8/HelloWorld.app/www/index.html
